<?xml version="1.0" encoding="UTF-8"?>
<!-- Generated by org.testng.reporters.JUnitXMLReporter -->
<testsuite ignored="0" hostname="DESKTOP-MIFC7FK" failures="0" tests="13" name="TutorialsNinja Tests" time="81.803" errors="0" timestamp="2025-04-14T01:15:06 IST">
  <testcase classname="com.tutorialsninja.qa.testcases.Register" name="verifyRegisteringAnAccountWithMandatoryFields" time="3.195"/>
  <testcase classname="com.tutorialsninja.qa.testcases.Register" name="verifyRegisteringAnAccountByProvidingAllFields" time="3.093"/>
  <testcase classname="com.tutorialsninja.qa.testcases.Register" name="verifyRegisteringAnAccountWithExistingEmailAddress" time="2.702"/>
  <testcase classname="com.tutorialsninja.qa.testcases.Register" name="verifyRegisteringAnAccountWithoutFillingAnyDetails" time="0.812"/>
  <testcase classname="com.tutorialsninja.qa.testcases.Login" name="verifyLoginWithValidCredentials" time="1.598"/>
  <testcase classname="com.tutorialsninja.qa.testcases.Login" name="verifyLoginWithValidCredentials" time="1.645"/>
  <testcase classname="com.tutorialsninja.qa.testcases.Login" name="verifyLoginWithInValidCredentials" time="1.132"/>
  <testcase classname="com.tutorialsninja.qa.testcases.Login" name="verifyLoginWithInValidEmailAndValidPassword" time="1.649"/>
  <testcase classname="com.tutorialsninja.qa.testcases.Login" name="verifyLoginWithValidEmailAndInValidPassword" time="1.543"/>
  <testcase classname="com.tutorialsninja.qa.testcases.Login" name="verifyLoginWithoutCredentials" time="1.346"/>
  <testcase classname="com.tutorialsninja.qa.testcases.Search" name="verifySearchWithValidProduct" time="0.703"/>
  <testcase classname="com.tutorialsninja.qa.testcases.Search" name="verifySearchWithInvalidProduct" time="0.951"/>
  <testcase classname="com.tutorialsninja.qa.testcases.Search" name="verifySearchWithoutAnyPrduct" time="0.602"/>
</testsuite> <!-- TutorialsNinja Tests -->
