<?xml version="1.0" encoding="UTF-8"?>
<testng-results ignored="0" total="13" passed="13" failed="0" skipped="0">
  <reporter-output>
  </reporter-output>
  <suite started-at="2025-04-14T01:13:44 IST" name="TutorialsNinja Automation Suite" finished-at="2025-04-14T01:15:06 IST" duration-ms="81803">
    <groups>
    </groups>
    <test started-at="2025-04-14T01:13:44 IST" name="TutorialsNinja Tests" finished-at="2025-04-14T01:15:06 IST" duration-ms="81803">
      <class name="com.tutorialsninja.qa.testcases.Search">
        <test-method is-config="true" signature="setup()[pri:0, instance:com.tutorialsninja.qa.testcases.Search@6bc407fd]" started-at="2025-04-14T01:14:51 IST" name="setup" finished-at="2025-04-14T01:14:55 IST" duration-ms="4040" status="PASS">
          <reporter-output>
          </reporter-output>
        </test-method> <!-- setup -->
        <test-method signature="verifySearchWithValidProduct()[pri:1, instance:com.tutorialsninja.qa.testcases.Search@6bc407fd]" started-at="2025-04-14T01:14:55 IST" name="verifySearchWithValidProduct" finished-at="2025-04-14T01:14:56 IST" duration-ms="703" status="PASS">
          <reporter-output>
          </reporter-output>
        </test-method> <!-- verifySearchWithValidProduct -->
        <test-method is-config="true" signature="tearDown()[pri:0, instance:com.tutorialsninja.qa.testcases.Search@6bc407fd]" started-at="2025-04-14T01:14:56 IST" name="tearDown" finished-at="2025-04-14T01:14:56 IST" duration-ms="257" status="PASS">
          <reporter-output>
          </reporter-output>
        </test-method> <!-- tearDown -->
        <test-method is-config="true" signature="setup()[pri:0, instance:com.tutorialsninja.qa.testcases.Search@6bc407fd]" started-at="2025-04-14T01:14:56 IST" name="setup" finished-at="2025-04-14T01:14:59 IST" duration-ms="3186" status="PASS">
          <reporter-output>
          </reporter-output>
        </test-method> <!-- setup -->
        <test-method signature="verifySearchWithInvalidProduct()[pri:2, instance:com.tutorialsninja.qa.testcases.Search@6bc407fd]" started-at="2025-04-14T01:14:59 IST" name="verifySearchWithInvalidProduct" finished-at="2025-04-14T01:15:00 IST" duration-ms="951" status="PASS">
          <reporter-output>
          </reporter-output>
        </test-method> <!-- verifySearchWithInvalidProduct -->
        <test-method is-config="true" signature="tearDown()[pri:0, instance:com.tutorialsninja.qa.testcases.Search@6bc407fd]" started-at="2025-04-14T01:15:00 IST" name="tearDown" finished-at="2025-04-14T01:15:00 IST" duration-ms="279" status="PASS">
          <reporter-output>
          </reporter-output>
        </test-method> <!-- tearDown -->
        <test-method is-config="true" signature="setup()[pri:0, instance:com.tutorialsninja.qa.testcases.Search@6bc407fd]" started-at="2025-04-14T01:15:00 IST" name="setup" finished-at="2025-04-14T01:15:05 IST" duration-ms="4830" status="PASS">
          <reporter-output>
          </reporter-output>
        </test-method> <!-- setup -->
        <test-method signature="verifySearchWithoutAnyPrduct()[pri:3, instance:com.tutorialsninja.qa.testcases.Search@6bc407fd]" started-at="2025-04-14T01:15:05 IST" name="verifySearchWithoutAnyPrduct" finished-at="2025-04-14T01:15:06 IST" depends-on-methods="com.tutorialsninja.qa.testcases.Search.verifySearchWithInvalidProduct" duration-ms="602" status="PASS">
          <reporter-output>
          </reporter-output>
        </test-method> <!-- verifySearchWithoutAnyPrduct -->
        <test-method is-config="true" signature="tearDown()[pri:0, instance:com.tutorialsninja.qa.testcases.Search@6bc407fd]" started-at="2025-04-14T01:15:06 IST" name="tearDown" finished-at="2025-04-14T01:15:06 IST" duration-ms="325" status="PASS">
          <reporter-output>
          </reporter-output>
        </test-method> <!-- tearDown -->
      </class> <!-- com.tutorialsninja.qa.testcases.Search -->
      <class name="com.tutorialsninja.qa.testcases.Register">
        <test-method is-config="true" signature="setup()[pri:0, instance:com.tutorialsninja.qa.testcases.Register@301eda63]" started-at="2025-04-14T01:13:45 IST" name="setup" finished-at="2025-04-14T01:13:50 IST" duration-ms="5190" status="PASS">
          <reporter-output>
          </reporter-output>
        </test-method> <!-- setup -->
        <test-method signature="verifyRegisteringAnAccountWithMandatoryFields()[pri:1, instance:com.tutorialsninja.qa.testcases.Register@301eda63]" started-at="2025-04-14T01:13:50 IST" name="verifyRegisteringAnAccountWithMandatoryFields" finished-at="2025-04-14T01:13:53 IST" duration-ms="3195" status="PASS">
          <reporter-output>
          </reporter-output>
        </test-method> <!-- verifyRegisteringAnAccountWithMandatoryFields -->
        <test-method is-config="true" signature="tearDown()[pri:0, instance:com.tutorialsninja.qa.testcases.Register@301eda63]" started-at="2025-04-14T01:13:53 IST" name="tearDown" finished-at="2025-04-14T01:13:53 IST" duration-ms="317" status="PASS">
          <reporter-output>
          </reporter-output>
        </test-method> <!-- tearDown -->
        <test-method is-config="true" signature="setup()[pri:0, instance:com.tutorialsninja.qa.testcases.Register@301eda63]" started-at="2025-04-14T01:13:53 IST" name="setup" finished-at="2025-04-14T01:14:00 IST" duration-ms="6604" status="PASS">
          <reporter-output>
          </reporter-output>
        </test-method> <!-- setup -->
        <test-method signature="verifyRegisteringAnAccountByProvidingAllFields()[pri:2, instance:com.tutorialsninja.qa.testcases.Register@301eda63]" started-at="2025-04-14T01:14:00 IST" name="verifyRegisteringAnAccountByProvidingAllFields" finished-at="2025-04-14T01:14:03 IST" duration-ms="3093" status="PASS">
          <reporter-output>
          </reporter-output>
        </test-method> <!-- verifyRegisteringAnAccountByProvidingAllFields -->
        <test-method is-config="true" signature="tearDown()[pri:0, instance:com.tutorialsninja.qa.testcases.Register@301eda63]" started-at="2025-04-14T01:14:03 IST" name="tearDown" finished-at="2025-04-14T01:14:03 IST" duration-ms="248" status="PASS">
          <reporter-output>
          </reporter-output>
        </test-method> <!-- tearDown -->
        <test-method is-config="true" signature="setup()[pri:0, instance:com.tutorialsninja.qa.testcases.Register@301eda63]" started-at="2025-04-14T01:14:03 IST" name="setup" finished-at="2025-04-14T01:14:06 IST" duration-ms="3056" status="PASS">
          <reporter-output>
          </reporter-output>
        </test-method> <!-- setup -->
        <test-method signature="verifyRegisteringAnAccountWithExistingEmailAddress()[pri:3, instance:com.tutorialsninja.qa.testcases.Register@301eda63]" started-at="2025-04-14T01:14:06 IST" name="verifyRegisteringAnAccountWithExistingEmailAddress" finished-at="2025-04-14T01:14:09 IST" duration-ms="2702" status="PASS">
          <reporter-output>
          </reporter-output>
        </test-method> <!-- verifyRegisteringAnAccountWithExistingEmailAddress -->
        <test-method is-config="true" signature="tearDown()[pri:0, instance:com.tutorialsninja.qa.testcases.Register@301eda63]" started-at="2025-04-14T01:14:09 IST" name="tearDown" finished-at="2025-04-14T01:14:09 IST" duration-ms="304" status="PASS">
          <reporter-output>
          </reporter-output>
        </test-method> <!-- tearDown -->
        <test-method is-config="true" signature="setup()[pri:0, instance:com.tutorialsninja.qa.testcases.Register@301eda63]" started-at="2025-04-14T01:14:09 IST" name="setup" finished-at="2025-04-14T01:14:12 IST" duration-ms="2799" status="PASS">
          <reporter-output>
          </reporter-output>
        </test-method> <!-- setup -->
        <test-method signature="verifyRegisteringAnAccountWithoutFillingAnyDetails()[pri:4, instance:com.tutorialsninja.qa.testcases.Register@301eda63]" started-at="2025-04-14T01:14:12 IST" name="verifyRegisteringAnAccountWithoutFillingAnyDetails" finished-at="2025-04-14T01:14:13 IST" duration-ms="812" status="PASS">
          <reporter-output>
          </reporter-output>
        </test-method> <!-- verifyRegisteringAnAccountWithoutFillingAnyDetails -->
        <test-method is-config="true" signature="tearDown()[pri:0, instance:com.tutorialsninja.qa.testcases.Register@301eda63]" started-at="2025-04-14T01:14:13 IST" name="tearDown" finished-at="2025-04-14T01:14:13 IST" duration-ms="265" status="PASS">
          <reporter-output>
          </reporter-output>
        </test-method> <!-- tearDown -->
      </class> <!-- com.tutorialsninja.qa.testcases.Register -->
      <class name="com.tutorialsninja.qa.testcases.Login">
        <test-method is-config="true" signature="setup()[pri:0, instance:com.tutorialsninja.qa.testcases.Login@181e731e]" started-at="2025-04-14T01:14:14 IST" name="setup" finished-at="2025-04-14T01:14:17 IST" duration-ms="2855" status="PASS">
          <reporter-output>
          </reporter-output>
        </test-method> <!-- setup -->
        <test-method signature="verifyLoginWithValidCredentials(java.lang.String,java.lang.String)[pri:1, instance:com.tutorialsninja.qa.testcases.Login@181e731e]" started-at="2025-04-14T01:14:17 IST" name="verifyLoginWithValidCredentials" data-provider="validCredentialsSupplier" finished-at="2025-04-14T01:14:19 IST" duration-ms="1598" status="PASS">
          <params>
            <param index="0">
              <value>
                <![CDATA[tusharalt8@gmail.com]]>
              </value>
            </param>
            <param index="1">
              <value>
                <![CDATA[Mummy@123]]>
              </value>
            </param>
          </params>
          <reporter-output>
          </reporter-output>
        </test-method> <!-- verifyLoginWithValidCredentials -->
        <test-method is-config="true" signature="tearDown()[pri:0, instance:com.tutorialsninja.qa.testcases.Login@181e731e]" started-at="2025-04-14T01:14:19 IST" name="tearDown" finished-at="2025-04-14T01:14:19 IST" duration-ms="273" status="PASS">
          <reporter-output>
          </reporter-output>
        </test-method> <!-- tearDown -->
        <test-method is-config="true" signature="setup()[pri:0, instance:com.tutorialsninja.qa.testcases.Login@181e731e]" started-at="2025-04-14T01:14:19 IST" name="setup" finished-at="2025-04-14T01:14:22 IST" duration-ms="3286" status="PASS">
          <reporter-output>
          </reporter-output>
        </test-method> <!-- setup -->
        <test-method signature="verifyLoginWithValidCredentials(java.lang.String,java.lang.String)[pri:1, instance:com.tutorialsninja.qa.testcases.Login@181e731e]" started-at="2025-04-14T01:14:22 IST" name="verifyLoginWithValidCredentials" data-provider="validCredentialsSupplier" finished-at="2025-04-14T01:14:24 IST" duration-ms="1645" status="PASS">
          <params>
            <param index="0">
              <value>
                <![CDATA[tusharpixel8@gmail.com]]>
              </value>
            </param>
            <param index="1">
              <value>
                <![CDATA[Mummy@123]]>
              </value>
            </param>
          </params>
          <reporter-output>
          </reporter-output>
        </test-method> <!-- verifyLoginWithValidCredentials -->
        <test-method is-config="true" signature="tearDown()[pri:0, instance:com.tutorialsninja.qa.testcases.Login@181e731e]" started-at="2025-04-14T01:14:24 IST" name="tearDown" finished-at="2025-04-14T01:14:24 IST" duration-ms="207" status="PASS">
          <reporter-output>
          </reporter-output>
        </test-method> <!-- tearDown -->
        <test-method is-config="true" signature="setup()[pri:0, instance:com.tutorialsninja.qa.testcases.Login@181e731e]" started-at="2025-04-14T01:14:24 IST" name="setup" finished-at="2025-04-14T01:14:30 IST" duration-ms="6089" status="PASS">
          <reporter-output>
          </reporter-output>
        </test-method> <!-- setup -->
        <test-method signature="verifyLoginWithInValidCredentials()[pri:2, instance:com.tutorialsninja.qa.testcases.Login@181e731e]" started-at="2025-04-14T01:14:30 IST" name="verifyLoginWithInValidCredentials" finished-at="2025-04-14T01:14:31 IST" duration-ms="1132" status="PASS">
          <reporter-output>
          </reporter-output>
        </test-method> <!-- verifyLoginWithInValidCredentials -->
        <test-method is-config="true" signature="tearDown()[pri:0, instance:com.tutorialsninja.qa.testcases.Login@181e731e]" started-at="2025-04-14T01:14:31 IST" name="tearDown" finished-at="2025-04-14T01:14:32 IST" duration-ms="277" status="PASS">
          <reporter-output>
          </reporter-output>
        </test-method> <!-- tearDown -->
        <test-method is-config="true" signature="setup()[pri:0, instance:com.tutorialsninja.qa.testcases.Login@181e731e]" started-at="2025-04-14T01:14:32 IST" name="setup" finished-at="2025-04-14T01:14:35 IST" duration-ms="3104" status="PASS">
          <reporter-output>
          </reporter-output>
        </test-method> <!-- setup -->
        <test-method signature="verifyLoginWithInValidEmailAndValidPassword()[pri:3, instance:com.tutorialsninja.qa.testcases.Login@181e731e]" started-at="2025-04-14T01:14:35 IST" name="verifyLoginWithInValidEmailAndValidPassword" finished-at="2025-04-14T01:14:36 IST" duration-ms="1649" status="PASS">
          <reporter-output>
          </reporter-output>
        </test-method> <!-- verifyLoginWithInValidEmailAndValidPassword -->
        <test-method is-config="true" signature="tearDown()[pri:0, instance:com.tutorialsninja.qa.testcases.Login@181e731e]" started-at="2025-04-14T01:14:36 IST" name="tearDown" finished-at="2025-04-14T01:14:37 IST" duration-ms="276" status="PASS">
          <reporter-output>
          </reporter-output>
        </test-method> <!-- tearDown -->
        <test-method is-config="true" signature="setup()[pri:0, instance:com.tutorialsninja.qa.testcases.Login@181e731e]" started-at="2025-04-14T01:14:37 IST" name="setup" finished-at="2025-04-14T01:14:41 IST" duration-ms="4562" status="PASS">
          <reporter-output>
          </reporter-output>
        </test-method> <!-- setup -->
        <test-method signature="verifyLoginWithValidEmailAndInValidPassword()[pri:4, instance:com.tutorialsninja.qa.testcases.Login@181e731e]" started-at="2025-04-14T01:14:41 IST" name="verifyLoginWithValidEmailAndInValidPassword" finished-at="2025-04-14T01:14:43 IST" duration-ms="1543" status="PASS">
          <reporter-output>
          </reporter-output>
        </test-method> <!-- verifyLoginWithValidEmailAndInValidPassword -->
        <test-method is-config="true" signature="tearDown()[pri:0, instance:com.tutorialsninja.qa.testcases.Login@181e731e]" started-at="2025-04-14T01:14:43 IST" name="tearDown" finished-at="2025-04-14T01:14:43 IST" duration-ms="268" status="PASS">
          <reporter-output>
          </reporter-output>
        </test-method> <!-- tearDown -->
        <test-method is-config="true" signature="setup()[pri:0, instance:com.tutorialsninja.qa.testcases.Login@181e731e]" started-at="2025-04-14T01:14:43 IST" name="setup" finished-at="2025-04-14T01:14:49 IST" duration-ms="6370" status="PASS">
          <reporter-output>
          </reporter-output>
        </test-method> <!-- setup -->
        <test-method signature="verifyLoginWithoutCredentials()[pri:5, instance:com.tutorialsninja.qa.testcases.Login@181e731e]" started-at="2025-04-14T01:14:49 IST" name="verifyLoginWithoutCredentials" finished-at="2025-04-14T01:14:51 IST" duration-ms="1346" status="PASS">
          <reporter-output>
          </reporter-output>
        </test-method> <!-- verifyLoginWithoutCredentials -->
        <test-method is-config="true" signature="tearDown()[pri:0, instance:com.tutorialsninja.qa.testcases.Login@181e731e]" started-at="2025-04-14T01:14:51 IST" name="tearDown" finished-at="2025-04-14T01:14:51 IST" duration-ms="307" status="PASS">
          <reporter-output>
          </reporter-output>
        </test-method> <!-- tearDown -->
      </class> <!-- com.tutorialsninja.qa.testcases.Login -->
    </test> <!-- TutorialsNinja Tests -->
  </suite> <!-- TutorialsNinja Automation Suite -->
</testng-results>
